# JRE version: Java(TM) SE Runtime Environment 18.9 (11.0.12+8) (build 11.0.12+8-LTS-237)
# Java VM: Java HotSpot(TM) 64-Bit Server VM 18.9 (11.0.12+8-LTS-237, mixed mode, tiered, compressed oops, g1 gc, windows-amd64)
Heap:
 garbage-first heap   total 258048K, used 44006K [0x0000000704400000, 0x0000000800000000)
  region size 1024K, 38 young (38912K), 10 survivors (10240K)
 Metaspace       used 31936K, capacity 32566K, committed 32688K, reserved 1079296K
  class space    used 3369K, capacity 3564K, committed 3584K, reserved 1048576K
GC Heap History (8 events):
Event: 3.239 GC heap before
{Heap before GC invocations=0 (full 0):
 garbage-first heap   total 258048K, used 23552K [0x0000000704400000, 0x0000000800000000)
  region size 1024K, 24 young (24576K), 0 survivors (0K)
 Metaspace       used 13644K, capacity 13852K, committed 14080K, reserved 1062912K
  class space    used 1369K, capacity 1431K, committed 1536K, reserved 1048576K
}
Event: 3.247 GC heap after
{Heap after GC invocations=1 (full 0):
 garbage-first heap   total 258048K, used 4019K [0x0000000704400000, 0x0000000800000000)
  region size 1024K, 3 young (3072K), 3 survivors (3072K)
 Metaspace       used 13644K, capacity 13852K, committed 14080K, reserved 1062912K
  class space    used 1369K, capacity 1431K, committed 1536K, reserved 1048576K
}
Event: 5.078 GC heap before
{Heap before GC invocations=1 (full 0):
 garbage-first heap   total 258048K, used 58291K [0x0000000704400000, 0x0000000800000000)
  region size 1024K, 57 young (58368K), 3 survivors (3072K)
 Metaspace       used 20913K, capacity 21167K, committed 21296K, reserved 1069056K
  class space    used 2237K, capacity 2358K, committed 2432K, reserved 1048576K
}
Event: 5.087 GC heap after
{Heap after GC invocations=2 (full 0):
 garbage-first heap   total 258048K, used 7021K [0x0000000704400000, 0x0000000800000000)
  region size 1024K, 6 young (6144K), 6 survivors (6144K)
 Metaspace       used 20913K, capacity 21167K, committed 21296K, reserved 1069056K
  class space    used 2237K, capacity 2358K, committed 2432K, reserved 1048576K
}
Event: 7.038 GC heap before
{Heap before GC invocations=3 (full 0):
 garbage-first heap   total 258048K, used 66413K [0x0000000704400000, 0x0000000800000000)
  region size 1024K, 64 young (65536K), 6 survivors (6144K)
 Metaspace       used 22075K, capacity 22445K, committed 22576K, reserved 1069056K
  class space    used 2288K, capacity 2397K, committed 2432K, reserved 1048576K
}
Event: 7.051 GC heap after
{Heap after GC invocations=4 (full 0):
 garbage-first heap   total 258048K, used 12009K [0x0000000704400000, 0x0000000800000000)
  region size 1024K, 8 young (8192K), 8 survivors (8192K)
 Metaspace       used 22075K, capacity 22445K, committed 22576K, reserved 1069056K
  class space    used 2288K, capacity 2397K, committed 2432K, reserved 1048576K
}
Event: 9.475 GC heap before
{Heap before GC invocations=4 (full 0):
 garbage-first heap   total 258048K, used 89833K [0x0000000704400000, 0x0000000800000000)
  region size 1024K, 84 young (86016K), 8 survivors (8192K)
 Metaspace       used 24427K, capacity 24873K, committed 25136K, reserved 1071104K
  class space    used 2466K, capacity 2611K, committed 2688K, reserved 1048576K
}
Event: 9.488 GC heap after
{Heap after GC invocations=5 (full 0):
 garbage-first heap   total 258048K, used 16358K [0x0000000704400000, 0x0000000800000000)
  region size 1024K, 10 young (10240K), 10 survivors (10240K)
 Metaspace       used 24427K, capacity 24873K, committed 25136K, reserved 1071104K
  class space    used 2466K, capacity 2611K, committed 2688K, reserved 1048576K
}

